<?xml version="1.0" encoding="UTF-8"?>
<testsuite xmlns:xsi="http://www.w3.org/2001/XMLSchema-instance" xsi:noNamespaceSchemaLocation="https://maven.apache.org/surefire/maven-surefire-plugin/xsd/surefire-test-report-3.0.xsd" version="3.0" name="com.demo.swiggy_driver.SwiggyDriverApplicationTests" time="4.979" tests="1" errors="0" skipped="0" failures="0">
  <properties>
[...]
</properties>
  <testcase name="contextLoads" classname="com.demo.swiggy_driver.SwiggyDriverApplicationTests" time="1.218">
    <system-out><![CDATA[16:48:43.502 [main] INFO org.springframework.test.context.support.AnnotationConfigContextLoaderUtils -- Could not detect default configuration classes for test class [com.demo.swiggy_driver.SwiggyDriverApplicationTests]: SwiggyDriverApplicationTests does not declare any static, non-private, non-final, nested classes annotated with @Configuration.
16:48:43.691 [main] INFO org.springframework.boot.test.context.SpringBootTestContextBootstrapper -- Found @SpringBootConfiguration com.demo.swiggy_driver.SwiggyDriverApplication for test class com.demo.swiggy_driver.SwiggyDriverApplicationTests

  .   ____          _            __ _ _
 /\\ / ___'_ __ _ _(_)_ __  __ _ \ \ \ \
( ( )\___ | '_ | '_| | '_ \/ _` | \ \ \ \
 \\/  ___)| |_)| | | | | || (_| |  ) ) ) )
  '  |____| .__|_| |_|_| |_\__, | / / / /
 =========|_|==============|___/=/_/_/_/

 :: Spring Boot ::                (v3.3.4)

2024-09-27T16:48:44.473+05:30  INFO 1792 --- [swiggy-driver] [           main] c.d.s.SwiggyDriverApplicationTests       : Starting SwiggyDriverApplicationTests using Java 21.0.2 with PID 1792 (started by 287618 in c:\Users\287618\OneDrive\Session\s3\swiggy-driver)
2024-09-27T16:48:44.473+05:30  INFO 1792 --- [swiggy-driver] [           main] c.d.s.SwiggyDriverApplicationTests       : No active profile set, falling back to 1 default profile: "default"
2024-09-27T16:48:47.063+05:30  INFO 1792 --- [swiggy-driver] [           main] c.d.s.SwiggyDriverApplicationTests       : Started SwiggyDriverApplicationTests in 3.117 seconds (process running for 5.125)
]]></system-out>
    <system-err><![CDATA[Sept 27, 2024 4:48:42 PM org.junit.platform.launcher.core.LauncherConfigurationParameters loadClasspathResource
WARNING: Discovered 2 'junit-platform.properties' configuration files in the classpath; only the first will be used.
Sept 27, 2024 4:48:42 PM org.junit.platform.launcher.core.LauncherConfigurationParameters loadClasspathResource
WARNING: Discovered 2 'junit-platform.properties' configuration files in the classpath; only the first will be used.
Sept 27, 2024 4:48:42 PM org.junit.platform.launcher.core.LauncherConfigurationParameters loadClasspathResource
WARNING: Discovered 2 'junit-platform.properties' configuration files in the classpath; only the first will be used.
WARNING: A Java agent has been loaded dynamically (C:\Users\287618\.m2\repository\net\bytebuddy\byte-buddy-agent\1.14.19\byte-buddy-agent-1.14.19.jar)
WARNING: If a serviceability tool is in use, please run with -XX:+EnableDynamicAgentLoading to hide this warning
WARNING: If a serviceability tool is not in use, please run with -Djdk.instrument.traceUsage for more information
WARNING: Dynamic loading of agents will be disallowed by default in a future release
]]></system-err>
  </testcase>
</testsuite>